<?xml version="1.0" encoding="UTF-8"?>
<!-- Generated by org.testng.reporters.JUnitXMLReporter -->
<testsuite ignored="2" hostname="DESKTOP-BPHTNCM" failures="1" tests="6" name="Test" time="17.768" errors="0" timestamp="2024-09-19T08:14:00 BDT">
  <testcase classname="Assignment.AutomationTask.login" name="@BeforeMethod beforeMethod" time="0.001">
    <failure type="java.lang.NullPointerException" message="Cannot invoke &amp;quot;org.openqa.selenium.chrome.ChromeDriver.get(String)&amp;quot; because &amp;quot;this.driver&amp;quot; is null">
      <![CDATA[java.lang.NullPointerException: Cannot invoke "org.openqa.selenium.chrome.ChromeDriver.get(String)" because "this.driver" is null
at Assignment.AutomationTask.login.beforeMethod(login.java:14)
at java.base/java.util.ArrayList.forEach(ArrayList.java:1596)
... Removed 29 stack frames]]>
    </failure>
  </testcase> <!-- @BeforeMethod beforeMethod -->
  <testcase classname="Assignment.AutomationTask.registration" name="invalidRegistration" time="2.254"/>
  <testcase classname="Assignment.AutomationTask.registration" name="invalidRegistration" time="2.249"/>
  <testcase classname="Assignment.AutomationTask.registration" name="invalidRegistration" time="2.269"/>
  <testcase classname="Assignment.AutomationTask.registration" name="invalidRegistration" time="2.269"/>
  <testcase classname="Assignment.AutomationTask.registration" name="validRegistration" time="2.299">
    <failure type="java.lang.AssertionError" message="URL didn&amp;apos;t match after login expected [https://letcode.in/] but found [https://letcode.in/signup]">
      <![CDATA[java.lang.AssertionError: URL didn't match after login expected [https://letcode.in/] but found [https://letcode.in/signup]
at Assignment.AutomationTask.registration.validRegistration(registration.java:46)
at java.base/java.util.ArrayList.forEach(ArrayList.java:1596)
... Removed 30 stack frames]]>
    </failure>
  </testcase> <!-- validRegistration -->
  <testcase classname="Assignment.AutomationTask.login" name="testValidLogin" time="0.0">
    <skipped/>
  </testcase> <!-- testValidLogin -->
  <testcase classname="Assignment.AutomationTask.configDriver" name="@BeforeTest config" time="0.0">
    <ignored/>
  </testcase> <!-- @BeforeTest config -->
  <testcase classname="Assignment.AutomationTask.configDriver" name="@AfterTest close" time="0.0">
    <ignored/>
  </testcase> <!-- @AfterTest close -->
</testsuite> <!-- Test -->
